{
  "stats": {
    "suites": 1,
    "tests": 14,
    "passes": 14,
    "pending": 0,
    "failures": 0,
    "start": "2025-01-23T21:21:24.203Z",
    "end": "2025-01-23T21:22:12.448Z",
    "duration": 48245,
    "testsRegistered": 14,
    "passPercent": 100,
    "pendingPercent": 0,
    "other": 0,
    "hasOther": false,
    "skipped": 0,
    "hasSkipped": false
  },
  "results": [
    {
      "uuid": "7373aed3-e873-4f12-8f3e-c1fe1c7e053a",
      "title": "",
      "fullFile": "cypress\\e2e\\HW_20.1\\qauto\\test20_1.cy.js",
      "file": "cypress\\e2e\\HW_20.1\\qauto\\test20_1.cy.js",
      "beforeHooks": [],
      "afterHooks": [],
      "tests": [],
      "suites": [
        {
          "uuid": "2d9dd448-685b-42b0-8d2c-84ebf34a53ae",
          "title": "Add car and add fuel expenses",
          "fullFile": "",
          "file": "",
          "beforeHooks": [],
          "afterHooks": [],
          "tests": [
            {
              "title": "Add [BMW] [X5]",
              "fullTitle": "Add car and add fuel expenses Add [BMW] [X5]",
              "timedOut": null,
              "duration": 4467,
              "state": "passed",
              "speed": "fast",
              "pass": true,
              "fail": false,
              "pending": false,
              "context": null,
              "code": "_garagePage.default.addNewCarToList('BMW', 'X5', '5000');\n_garagePage.default.verifyLastAddedCar('BMW X5');",
              "err": {},
              "uuid": "109a3f2b-f889-4152-bcee-5054dab91eea",
              "parentUUID": "2d9dd448-685b-42b0-8d2c-84ebf34a53ae",
              "isHook": false,
              "skipped": false
            },
            {
              "title": "Add [Audi] [TT]",
              "fullTitle": "Add car and add fuel expenses Add [Audi] [TT]",
              "timedOut": null,
              "duration": 2973,
              "state": "passed",
              "speed": "fast",
              "pass": true,
              "fail": false,
              "pending": false,
              "context": null,
              "code": "_garagePage.default.addNewCarToList('Audi', 'TT', '3000');\n_garagePage.default.verifyLastAddedCar('Audi TT');",
              "err": {},
              "uuid": "1e2fa965-411c-4a8e-961f-2a2b6126c168",
              "parentUUID": "2d9dd448-685b-42b0-8d2c-84ebf34a53ae",
              "isHook": false,
              "skipped": false
            },
            {
              "title": "Mileage field is empty",
              "fullTitle": "Add car and add fuel expenses Mileage field is empty",
              "timedOut": null,
              "duration": 3144,
              "state": "passed",
              "speed": "fast",
              "pass": true,
              "fail": false,
              "pending": false,
              "context": null,
              "code": "_garagePage.default.mileageFieldIsEmpty('Ford', 'Fusion');\n_garagePage.default.errorMileageIsEmpty().should('be.visible');\n_garagePage.default.mileageField.should('have.css', 'border-color', 'rgb(220, 53, 69)');",
              "err": {},
              "uuid": "abf85459-d661-4a27-9f95-50ebe9b26249",
              "parentUUID": "2d9dd448-685b-42b0-8d2c-84ebf34a53ae",
              "isHook": false,
              "skipped": false
            },
            {
              "title": "Mileage is too high",
              "fullTitle": "Add car and add fuel expenses Mileage is too high",
              "timedOut": null,
              "duration": 3812,
              "state": "passed",
              "speed": "fast",
              "pass": true,
              "fail": false,
              "pending": false,
              "context": null,
              "code": "_garagePage.default.mileageIsTooHigh('Porsche', '911');\n_garagePage.default.errorMileageIsTooHigh().should('be.visible');\n_garagePage.default.mileageField.should('have.css', 'border-color', 'rgb(220, 53, 69)');",
              "err": {},
              "uuid": "208217ce-949b-44eb-83a6-d131aae1a2ba",
              "parentUUID": "2d9dd448-685b-42b0-8d2c-84ebf34a53ae",
              "isHook": false,
              "skipped": false
            },
            {
              "title": "Close modal window Add a car",
              "fullTitle": "Add car and add fuel expenses Close modal window Add a car",
              "timedOut": null,
              "duration": 2430,
              "state": "passed",
              "speed": "fast",
              "pass": true,
              "fail": false,
              "pending": false,
              "context": null,
              "code": "_garagePage.default.closeAddCar();\ncy.get('.modal-content').should('not.be.visible');",
              "err": {},
              "uuid": "b21527cd-23e0-4d53-9e31-0f68040a0815",
              "parentUUID": "2d9dd448-685b-42b0-8d2c-84ebf34a53ae",
              "isHook": false,
              "skipped": false
            },
            {
              "title": "Add expenses",
              "fullTitle": "Add car and add fuel expenses Add expenses",
              "timedOut": null,
              "duration": 3438,
              "state": "passed",
              "speed": "fast",
              "pass": true,
              "fail": false,
              "pending": false,
              "context": null,
              "code": "_garagePage.default.fuelExpenses.click();\n_expensesPage.default.addExpensesToCar('BMW X5', '15000', '80', '200');",
              "err": {},
              "uuid": "87fb62f5-a514-4d6d-bd34-42162a1e3420",
              "parentUUID": "2d9dd448-685b-42b0-8d2c-84ebf34a53ae",
              "isHook": false,
              "skipped": false
            },
            {
              "title": "Mileage field is empty",
              "fullTitle": "Add car and add fuel expenses Mileage field is empty",
              "timedOut": null,
              "duration": 3289,
              "state": "passed",
              "speed": "fast",
              "pass": true,
              "fail": false,
              "pending": false,
              "context": null,
              "code": "_garagePage.default.fuelExpenses.click();\n_expensesPage.default.mileageFieldIsEmpty();\n_expensesPage.default.errorMileageIsEmpty().should('be.visible');\n_expensesPage.default.mileage.should('have.css', 'border-color', 'rgb(220, 53, 69)');\n_expensesPage.default.cancelButton().click();",
              "err": {},
              "uuid": "530a34ce-07bf-4ac0-a779-c121b2726915",
              "parentUUID": "2d9dd448-685b-42b0-8d2c-84ebf34a53ae",
              "isHook": false,
              "skipped": false
            },
            {
              "title": "Number of liters is empty",
              "fullTitle": "Add car and add fuel expenses Number of liters is empty",
              "timedOut": null,
              "duration": 2794,
              "state": "passed",
              "speed": "fast",
              "pass": true,
              "fail": false,
              "pending": false,
              "context": null,
              "code": "_garagePage.default.fuelExpenses.click();\n_expensesPage.default.numberOfLitersFieldIsEmpty();\n_expensesPage.default.errorNumberOfLitersIsEmpty().should('be.visible');\n_expensesPage.default.numberOfLiters.should('have.css', 'border-color', 'rgb(220, 53, 69)');\n_expensesPage.default.cancelButton().click();",
              "err": {},
              "uuid": "36aef06c-1537-413e-9075-4987b3ec74a3",
              "parentUUID": "2d9dd448-685b-42b0-8d2c-84ebf34a53ae",
              "isHook": false,
              "skipped": false
            },
            {
              "title": "Number of liters min",
              "fullTitle": "Add car and add fuel expenses Number of liters min",
              "timedOut": null,
              "duration": 2748,
              "state": "passed",
              "speed": "fast",
              "pass": true,
              "fail": false,
              "pending": false,
              "context": null,
              "code": "_garagePage.default.fuelExpenses.click();\n_expensesPage.default.numberOfLitersMin();\n_expensesPage.default.errorLitersMinMax().should('be.visible');\n_expensesPage.default.numberOfLiters.should('have.css', 'border-color', 'rgb(220, 53, 69)');\n_expensesPage.default.cancelButton().click();",
              "err": {},
              "uuid": "165266f9-4de2-45a8-b7f5-97fa647fd49f",
              "parentUUID": "2d9dd448-685b-42b0-8d2c-84ebf34a53ae",
              "isHook": false,
              "skipped": false
            },
            {
              "title": "Number of liters max",
              "fullTitle": "Add car and add fuel expenses Number of liters max",
              "timedOut": null,
              "duration": 3095,
              "state": "passed",
              "speed": "fast",
              "pass": true,
              "fail": false,
              "pending": false,
              "context": null,
              "code": "_garagePage.default.fuelExpenses.click();\n_expensesPage.default.numberOfLitersMax();\n_expensesPage.default.errorLitersMinMax().should('be.visible');\n_expensesPage.default.numberOfLiters.should('have.css', 'border-color', 'rgb(220, 53, 69)');\n_expensesPage.default.cancelButton().click();",
              "err": {},
              "uuid": "ebaf737d-b7c3-46a8-8ec3-0d373215e0be",
              "parentUUID": "2d9dd448-685b-42b0-8d2c-84ebf34a53ae",
              "isHook": false,
              "skipped": false
            },
            {
              "title": "Total cost is empty",
              "fullTitle": "Add car and add fuel expenses Total cost is empty",
              "timedOut": null,
              "duration": 2529,
              "state": "passed",
              "speed": "fast",
              "pass": true,
              "fail": false,
              "pending": false,
              "context": null,
              "code": "_garagePage.default.fuelExpenses.click();\n_expensesPage.default.totalCostIsEmpty();\n_expensesPage.default.errorTotalCostIsEmpty().should('be.visible');\n_expensesPage.default.totalCost.should('have.css', 'border-color', 'rgb(220, 53, 69)');\n_expensesPage.default.cancelButton().click();",
              "err": {},
              "uuid": "e886b725-99b5-4cfa-8cab-f6e88bc68aa9",
              "parentUUID": "2d9dd448-685b-42b0-8d2c-84ebf34a53ae",
              "isHook": false,
              "skipped": false
            },
            {
              "title": "Total cost min",
              "fullTitle": "Add car and add fuel expenses Total cost min",
              "timedOut": null,
              "duration": 2971,
              "state": "passed",
              "speed": "fast",
              "pass": true,
              "fail": false,
              "pending": false,
              "context": null,
              "code": "_garagePage.default.fuelExpenses.click();\n_expensesPage.default.totalCostIsMin();\n_expensesPage.default.errorTotalCostMinMax().should('be.visible');\n_expensesPage.default.totalCost.should('have.css', 'border-color', 'rgb(220, 53, 69)');\n_expensesPage.default.cancelButton().click();",
              "err": {},
              "uuid": "f32acd62-0a23-48da-9676-2aa542026e92",
              "parentUUID": "2d9dd448-685b-42b0-8d2c-84ebf34a53ae",
              "isHook": false,
              "skipped": false
            },
            {
              "title": "Total cost max",
              "fullTitle": "Add car and add fuel expenses Total cost max",
              "timedOut": null,
              "duration": 3107,
              "state": "passed",
              "speed": "fast",
              "pass": true,
              "fail": false,
              "pending": false,
              "context": null,
              "code": "_garagePage.default.fuelExpenses.click();\n_expensesPage.default.totalCostIsMax();\n_expensesPage.default.errorTotalCostMinMax().should('be.visible');\n_expensesPage.default.totalCost.should('have.css', 'border-color', 'rgb(220, 53, 69)');\n_expensesPage.default.cancelButton().click();",
              "err": {},
              "uuid": "e1765ad4-bd1b-4b9e-9f97-d461d6411e81",
              "parentUUID": "2d9dd448-685b-42b0-8d2c-84ebf34a53ae",
              "isHook": false,
              "skipped": false
            },
            {
              "title": "Invalid date first expense mileage",
              "fullTitle": "Add car and add fuel expenses Invalid date first expense mileage",
              "timedOut": null,
              "duration": 4941,
              "state": "passed",
              "speed": "fast",
              "pass": true,
              "fail": false,
              "pending": false,
              "context": null,
              "code": "_garagePage.default.addNewCarToList('Porsche', '911', '30000');\n_garagePage.default.fuelExpenses.click();\n_expensesPage.default.addExpensesToCar('BMW X5', '15000', '80', '200');\n_expensesPage.default.errorInvalidDateFirstExpenseMileage().should('be.visible');\n_expensesPage.default.cancelButton().click();",
              "err": {},
              "uuid": "4d952467-5240-4a5a-9077-3ba441dab408",
              "parentUUID": "2d9dd448-685b-42b0-8d2c-84ebf34a53ae",
              "isHook": false,
              "skipped": false
            }
          ],
          "suites": [],
          "passes": [
            "109a3f2b-f889-4152-bcee-5054dab91eea",
            "1e2fa965-411c-4a8e-961f-2a2b6126c168",
            "abf85459-d661-4a27-9f95-50ebe9b26249",
            "208217ce-949b-44eb-83a6-d131aae1a2ba",
            "b21527cd-23e0-4d53-9e31-0f68040a0815",
            "87fb62f5-a514-4d6d-bd34-42162a1e3420",
            "530a34ce-07bf-4ac0-a779-c121b2726915",
            "36aef06c-1537-413e-9075-4987b3ec74a3",
            "165266f9-4de2-45a8-b7f5-97fa647fd49f",
            "ebaf737d-b7c3-46a8-8ec3-0d373215e0be",
            "e886b725-99b5-4cfa-8cab-f6e88bc68aa9",
            "f32acd62-0a23-48da-9676-2aa542026e92",
            "e1765ad4-bd1b-4b9e-9f97-d461d6411e81",
            "4d952467-5240-4a5a-9077-3ba441dab408"
          ],
          "failures": [],
          "pending": [],
          "skipped": [],
          "duration": 45738,
          "root": false,
          "rootEmpty": false,
          "_timeout": 2000
        }
      ],
      "passes": [],
      "failures": [],
      "pending": [],
      "skipped": [],
      "duration": 0,
      "root": true,
      "rootEmpty": true,
      "_timeout": 2000
    }
  ],
  "meta": {
    "mocha": {
      "version": "7.0.1"
    },
    "mochawesome": {
      "options": {
        "quiet": false,
        "reportFilename": "mochawesome",
        "saveHtml": false,
        "saveJson": true,
        "consoleReporter": "spec",
        "useInlineDiffs": false,
        "code": true
      },
      "version": "7.1.3"
    },
    "marge": {
      "options": {
        "reportDir": "cypress/results",
        "overwrite": false,
        "html": false,
        "json": true
      },
      "version": "6.2.0"
    }
  }
}