{
  "stats": {
    "suites": 1,
    "tests": 1,
    "passes": 0,
    "pending": 0,
    "failures": 1,
    "start": "2025-01-23T21:19:13.205Z",
    "end": "2025-01-23T21:19:15.069Z",
    "duration": 1864,
    "testsRegistered": 1,
    "passPercent": 0,
    "pendingPercent": 0,
    "other": 0,
    "hasOther": false,
    "skipped": 0,
    "hasSkipped": false
  },
  "results": [
    {
      "uuid": "200e3800-ce7c-40f3-9c1a-56c9e32af77d",
      "title": "",
      "fullFile": "cypress\\e2e\\1-getting-started\\19_1.cy.js",
      "file": "cypress\\e2e\\1-getting-started\\19_1.cy.js",
      "beforeHooks": [],
      "afterHooks": [],
      "tests": [],
      "suites": [
        {
          "uuid": "36f54e7f-a511-46ca-8725-199834ca8c64",
          "title": "search elements",
          "fullFile": "",
          "file": "",
          "beforeHooks": [],
          "afterHooks": [],
          "tests": [
            {
              "title": "test selectors",
              "fullTitle": "search elements test selectors",
              "timedOut": null,
              "duration": 1777,
              "state": "failed",
              "speed": null,
              "pass": false,
              "fail": true,
              "pending": false,
              "context": null,
              "code": "cy.get(selectorsLogin.emailField).type(email);\ncy.get(selectorsLogin.passwordField).type(password, {\n  sensitive: true\n});\ncy.get(selectorsLogin.loginButton).click();\ncy.url().should('eq', 'https://qauto.forstudy.space/panel/garage');",
              "err": {
                "message": "ReferenceError: selectorsLogin is not defined",
                "estack": "ReferenceError: selectorsLogin is not defined\n    at Context.eval (webpack://my-project/./cypress/e2e/1-getting-started/19_1.cy.js:254:13)",
                "diff": null
              },
              "uuid": "ed296805-7316-4322-ad83-93984f20c2e5",
              "parentUUID": "36f54e7f-a511-46ca-8725-199834ca8c64",
              "isHook": false,
              "skipped": false
            }
          ],
          "suites": [],
          "passes": [],
          "failures": [
            "ed296805-7316-4322-ad83-93984f20c2e5"
          ],
          "pending": [],
          "skipped": [],
          "duration": 1777,
          "root": false,
          "rootEmpty": false,
          "_timeout": 2000
        }
      ],
      "passes": [],
      "failures": [],
      "pending": [],
      "skipped": [],
      "duration": 0,
      "root": true,
      "rootEmpty": true,
      "_timeout": 2000
    }
  ],
  "meta": {
    "mocha": {
      "version": "7.0.1"
    },
    "mochawesome": {
      "options": {
        "quiet": false,
        "reportFilename": "mochawesome",
        "saveHtml": false,
        "saveJson": true,
        "consoleReporter": "spec",
        "useInlineDiffs": false,
        "code": true
      },
      "version": "7.1.3"
    },
    "marge": {
      "options": {
        "reportDir": "cypress/results",
        "overwrite": false,
        "html": false,
        "json": true
      },
      "version": "6.2.0"
    }
  }
}