{
  "stats": {
    "suites": 1,
    "tests": 14,
    "passes": 14,
    "pending": 0,
    "failures": 0,
    "start": "2025-01-23T21:18:57.846Z",
    "end": "2025-01-23T21:19:11.342Z",
    "duration": 13496,
    "testsRegistered": 14,
    "passPercent": 100,
    "pendingPercent": 0,
    "other": 0,
    "hasOther": false,
    "skipped": 0,
    "hasSkipped": false
  },
  "results": [
    {
      "uuid": "561d6f26-b77f-4d69-a0cd-9b7167a056f9",
      "title": "",
      "fullFile": "cypress\\e2e\\1-getting-started\\18_1.cy.js",
      "file": "cypress\\e2e\\1-getting-started\\18_1.cy.js",
      "beforeHooks": [],
      "afterHooks": [],
      "tests": [],
      "suites": [
        {
          "uuid": "0ec06813-26ca-45e6-836a-a8999daeb90e",
          "title": "search elements",
          "fullFile": "",
          "file": "",
          "beforeHooks": [],
          "afterHooks": [],
          "tests": [
            {
              "title": "Guest log in",
              "fullTitle": "search elements Guest log in",
              "timedOut": null,
              "duration": 2952,
              "state": "passed",
              "speed": "fast",
              "pass": true,
              "fail": false,
              "pending": false,
              "context": null,
              "code": "cy.get('.header-link.-guest');",
              "err": {},
              "uuid": "d2a4383f-507d-4601-89fb-e19823e8d466",
              "parentUUID": "0ec06813-26ca-45e6-836a-a8999daeb90e",
              "isHook": false,
              "skipped": false
            },
            {
              "title": "Home",
              "fullTitle": "search elements Home",
              "timedOut": null,
              "duration": 683,
              "state": "passed",
              "speed": "fast",
              "pass": true,
              "fail": false,
              "pending": false,
              "context": null,
              "code": "cy.get('.btn.header-link.-active');",
              "err": {},
              "uuid": "0865164d-a4bd-4eae-b7de-8848428a0ed9",
              "parentUUID": "0ec06813-26ca-45e6-836a-a8999daeb90e",
              "isHook": false,
              "skipped": false
            },
            {
              "title": "About",
              "fullTitle": "search elements About",
              "timedOut": null,
              "duration": 454,
              "state": "passed",
              "speed": "fast",
              "pass": true,
              "fail": false,
              "pending": false,
              "context": null,
              "code": "cy.get('button').contains('About');",
              "err": {},
              "uuid": "3060665d-2e6b-43f8-a814-30fac42912fb",
              "parentUUID": "0ec06813-26ca-45e6-836a-a8999daeb90e",
              "isHook": false,
              "skipped": false
            },
            {
              "title": "Contacts",
              "fullTitle": "search elements Contacts",
              "timedOut": null,
              "duration": 756,
              "state": "passed",
              "speed": "fast",
              "pass": true,
              "fail": false,
              "pending": false,
              "context": null,
              "code": "cy.get('button').contains('Contacts');",
              "err": {},
              "uuid": "9750fadc-141e-4e0d-8206-37e4d0809fd1",
              "parentUUID": "0ec06813-26ca-45e6-836a-a8999daeb90e",
              "isHook": false,
              "skipped": false
            },
            {
              "title": "Sign In",
              "fullTitle": "search elements Sign In",
              "timedOut": null,
              "duration": 789,
              "state": "passed",
              "speed": "fast",
              "pass": true,
              "fail": false,
              "pending": false,
              "context": null,
              "code": "cy.get('button').contains('Sign In');",
              "err": {},
              "uuid": "e0a708cb-1ecb-4477-80c4-2d0b8f305dfa",
              "parentUUID": "0ec06813-26ca-45e6-836a-a8999daeb90e",
              "isHook": false,
              "skipped": false
            },
            {
              "title": "Sign up",
              "fullTitle": "search elements Sign up",
              "timedOut": null,
              "duration": 673,
              "state": "passed",
              "speed": "fast",
              "pass": true,
              "fail": false,
              "pending": false,
              "context": null,
              "code": "cy.get('button').contains('Sign up');",
              "err": {},
              "uuid": "c80a5b35-600f-4829-bb95-3cf93a39a30a",
              "parentUUID": "0ec06813-26ca-45e6-836a-a8999daeb90e",
              "isHook": false,
              "skipped": false
            },
            {
              "title": "Facebook",
              "fullTitle": "search elements Facebook",
              "timedOut": null,
              "duration": 945,
              "state": "passed",
              "speed": "fast",
              "pass": true,
              "fail": false,
              "pending": false,
              "context": null,
              "code": "cy.get('.socials_icon.icon.icon-facebook');",
              "err": {},
              "uuid": "1b135544-b099-474a-a496-46aaddbada48",
              "parentUUID": "0ec06813-26ca-45e6-836a-a8999daeb90e",
              "isHook": false,
              "skipped": false
            },
            {
              "title": "Telegram",
              "fullTitle": "search elements Telegram",
              "timedOut": null,
              "duration": 356,
              "state": "passed",
              "speed": "fast",
              "pass": true,
              "fail": false,
              "pending": false,
              "context": null,
              "code": "cy.get('.socials_icon.icon.icon-telegram');",
              "err": {},
              "uuid": "c39f1aa1-fc82-4bed-9d79-9b4f00344579",
              "parentUUID": "0ec06813-26ca-45e6-836a-a8999daeb90e",
              "isHook": false,
              "skipped": false
            },
            {
              "title": "Youtube",
              "fullTitle": "search elements Youtube",
              "timedOut": null,
              "duration": 691,
              "state": "passed",
              "speed": "fast",
              "pass": true,
              "fail": false,
              "pending": false,
              "context": null,
              "code": "cy.get('.socials_icon.icon.icon-youtube');",
              "err": {},
              "uuid": "983a3510-e7e5-4ac4-b4a5-26ddc43daec3",
              "parentUUID": "0ec06813-26ca-45e6-836a-a8999daeb90e",
              "isHook": false,
              "skipped": false
            },
            {
              "title": "Instagram",
              "fullTitle": "search elements Instagram",
              "timedOut": null,
              "duration": 640,
              "state": "passed",
              "speed": "fast",
              "pass": true,
              "fail": false,
              "pending": false,
              "context": null,
              "code": "cy.get('.socials_icon.icon.icon-instagram');",
              "err": {},
              "uuid": "07e4316d-28f6-4ff8-8f6e-f8368295fe0b",
              "parentUUID": "0ec06813-26ca-45e6-836a-a8999daeb90e",
              "isHook": false,
              "skipped": false
            },
            {
              "title": "Linkedin",
              "fullTitle": "search elements Linkedin",
              "timedOut": null,
              "duration": 714,
              "state": "passed",
              "speed": "fast",
              "pass": true,
              "fail": false,
              "pending": false,
              "context": null,
              "code": "cy.get('.socials_icon.icon.icon-linkedin');",
              "err": {},
              "uuid": "5ca337ab-eeae-4b06-a43b-c3c8b1a40648",
              "parentUUID": "0ec06813-26ca-45e6-836a-a8999daeb90e",
              "isHook": false,
              "skipped": false
            },
            {
              "title": "Hillel",
              "fullTitle": "search elements Hillel",
              "timedOut": null,
              "duration": 632,
              "state": "passed",
              "speed": "fast",
              "pass": true,
              "fail": false,
              "pending": false,
              "context": null,
              "code": "cy.get('.contacts_link.display-4');",
              "err": {},
              "uuid": "6e83ca6d-1dbf-4ea9-b662-6de40ac14ead",
              "parentUUID": "0ec06813-26ca-45e6-836a-a8999daeb90e",
              "isHook": false,
              "skipped": false
            },
            {
              "title": "Support",
              "fullTitle": "search elements Support",
              "timedOut": null,
              "duration": 641,
              "state": "passed",
              "speed": "fast",
              "pass": true,
              "fail": false,
              "pending": false,
              "context": null,
              "code": "cy.get('.contacts_link.h4');",
              "err": {},
              "uuid": "191ca022-d5d6-4bb9-bc31-b0943b49b39d",
              "parentUUID": "0ec06813-26ca-45e6-836a-a8999daeb90e",
              "isHook": false,
              "skipped": false
            },
            {
              "title": "Footer Logo",
              "fullTitle": "search elements Footer Logo",
              "timedOut": null,
              "duration": 1081,
              "state": "passed",
              "speed": "fast",
              "pass": true,
              "fail": false,
              "pending": false,
              "context": null,
              "code": "cy.get('.footer_logo');",
              "err": {},
              "uuid": "399ca4f5-0f74-4d4e-9262-042b77d5797a",
              "parentUUID": "0ec06813-26ca-45e6-836a-a8999daeb90e",
              "isHook": false,
              "skipped": false
            }
          ],
          "suites": [],
          "passes": [
            "d2a4383f-507d-4601-89fb-e19823e8d466",
            "0865164d-a4bd-4eae-b7de-8848428a0ed9",
            "3060665d-2e6b-43f8-a814-30fac42912fb",
            "9750fadc-141e-4e0d-8206-37e4d0809fd1",
            "e0a708cb-1ecb-4477-80c4-2d0b8f305dfa",
            "c80a5b35-600f-4829-bb95-3cf93a39a30a",
            "1b135544-b099-474a-a496-46aaddbada48",
            "c39f1aa1-fc82-4bed-9d79-9b4f00344579",
            "983a3510-e7e5-4ac4-b4a5-26ddc43daec3",
            "07e4316d-28f6-4ff8-8f6e-f8368295fe0b",
            "5ca337ab-eeae-4b06-a43b-c3c8b1a40648",
            "6e83ca6d-1dbf-4ea9-b662-6de40ac14ead",
            "191ca022-d5d6-4bb9-bc31-b0943b49b39d",
            "399ca4f5-0f74-4d4e-9262-042b77d5797a"
          ],
          "failures": [],
          "pending": [],
          "skipped": [],
          "duration": 12007,
          "root": false,
          "rootEmpty": false,
          "_timeout": 2000
        }
      ],
      "passes": [],
      "failures": [],
      "pending": [],
      "skipped": [],
      "duration": 0,
      "root": true,
      "rootEmpty": true,
      "_timeout": 2000
    }
  ],
  "meta": {
    "mocha": {
      "version": "7.0.1"
    },
    "mochawesome": {
      "options": {
        "quiet": false,
        "reportFilename": "mochawesome",
        "saveHtml": false,
        "saveJson": true,
        "consoleReporter": "spec",
        "useInlineDiffs": false,
        "code": true
      },
      "version": "7.1.3"
    },
    "marge": {
      "options": {
        "reportDir": "cypress/results",
        "overwrite": false,
        "html": false,
        "json": true
      },
      "version": "6.2.0"
    }
  }
}