{
  "stats": {
    "suites": 0,
    "tests": 1,
    "passes": 0,
    "pending": 0,
    "failures": 1,
    "start": "2025-01-23T21:19:16.444Z",
    "end": "2025-01-23T21:19:16.686Z",
    "duration": 242,
    "testsRegistered": 1,
    "passPercent": 0,
    "pendingPercent": 0,
    "other": 0,
    "hasOther": false,
    "skipped": 0,
    "hasSkipped": false
  },
  "results": [
    {
      "uuid": "4fd37d29-321d-4003-b190-ca895b85a578",
      "title": "",
      "fullFile": "cypress\\e2e\\1-getting-started\\actions.cy.js",
      "file": "cypress\\e2e\\1-getting-started\\actions.cy.js",
      "beforeHooks": [],
      "afterHooks": [],
      "tests": [
        {
          "title": "custom comands",
          "fullTitle": "custom comands",
          "timedOut": null,
          "duration": 199,
          "state": "failed",
          "speed": null,
          "pass": false,
          "fail": true,
          "pending": false,
          "context": null,
          "code": "cy.visit('https://qauto.forstudy.space');\nconst randomEmail = `hemyl.qa+${Date.now()}@gmail.com`;\ncy.login(randomEmail, '.mbsVb5kV96FnTU');",
          "err": {
            "message": "CypressError: `cy.visit()` failed trying to load:\n\nhttps://qauto.forstudy.space/\n\nThe response we received from your web server was:\n\n  > 401: Unauthorized\n\nThis was considered a failure because the status code was not `2xx`.\n\nIf you do not want status codes to cause failures pass the option: `failOnStatusCode: false`",
            "estack": "CypressError: `cy.visit()` failed trying to load:\n\nhttps://qauto.forstudy.space/\n\nThe response we received from your web server was:\n\n  > 401: Unauthorized\n\nThis was considered a failure because the status code was not `2xx`.\n\nIf you do not want status codes to cause failures pass the option: `failOnStatusCode: false`\n    at <unknown> (https://qauto.forstudy.space/__cypress/runner/cypress_runner.js:131591:76)\n    at visitFailedByErr (https://qauto.forstudy.space/__cypress/runner/cypress_runner.js:131006:12)\n    at <unknown> (https://qauto.forstudy.space/__cypress/runner/cypress_runner.js:131574:13)\n    at tryCatcher (https://qauto.forstudy.space/__cypress/runner/cypress_runner.js:1830:23)\n    at Promise._settlePromiseFromHandler (https://qauto.forstudy.space/__cypress/runner/cypress_runner.js:1542:31)\n    at Promise._settlePromise (https://qauto.forstudy.space/__cypress/runner/cypress_runner.js:1599:18)\n    at Promise._settlePromise0 (https://qauto.forstudy.space/__cypress/runner/cypress_runner.js:1644:10)\n    at Promise._settlePromises (https://qauto.forstudy.space/__cypress/runner/cypress_runner.js:1720:18)\n    at _drainQueueStep (https://qauto.forstudy.space/__cypress/runner/cypress_runner.js:2430:12)\n    at _drainQueue (https://qauto.forstudy.space/__cypress/runner/cypress_runner.js:2423:9)\n    at Async._drainQueues (https://qauto.forstudy.space/__cypress/runner/cypress_runner.js:2439:5)\n    at Async.drainQueues (https://qauto.forstudy.space/__cypress/runner/cypress_runner.js:2309:14)\nFrom Your Spec Code:\n    at Context.eval (webpack://my-project/./cypress/e2e/1-getting-started/actions.cy.js:2:7)",
            "diff": null
          },
          "uuid": "d7f428e9-6ee9-4a2d-b201-d2057c37f708",
          "parentUUID": "4fd37d29-321d-4003-b190-ca895b85a578",
          "isHook": false,
          "skipped": false
        }
      ],
      "suites": [],
      "passes": [],
      "failures": [
        "d7f428e9-6ee9-4a2d-b201-d2057c37f708"
      ],
      "pending": [],
      "skipped": [],
      "duration": 199,
      "root": true,
      "rootEmpty": false,
      "_timeout": 2000
    }
  ],
  "meta": {
    "mocha": {
      "version": "7.0.1"
    },
    "mochawesome": {
      "options": {
        "quiet": false,
        "reportFilename": "mochawesome",
        "saveHtml": false,
        "saveJson": true,
        "consoleReporter": "spec",
        "useInlineDiffs": false,
        "code": true
      },
      "version": "7.1.3"
    },
    "marge": {
      "options": {
        "reportDir": "cypress/results",
        "overwrite": false,
        "html": false,
        "json": true
      },
      "version": "6.2.0"
    }
  }
}